<?xml version="1.0" encoding="UTF-8"?>
<!-- Generated by org.testng.reporters.JUnitXMLReporter -->
<testsuite ignored="0" hostname="DESKTOP-6D90C8O" failures="0" tests="8" name="Default test" time="54.103" errors="0" timestamp="2025-05-10T23:34:11 GST">
  <testcase classname="MyPachage.Finaltestcases" name="checkdefualtlangenglish" time="0.108"/>
  <testcase classname="MyPachage.Finaltestcases" name="checkdefualtcuuruncy" time="0.068"/>
  <testcase classname="MyPachage.Finaltestcases" name="checkthemobileno" time="0.078"/>
  <testcase classname="MyPachage.Finaltestcases" name="checkqitaflogo" time="0.167"/>
  <testcase classname="MyPachage.Finaltestcases" name="checkhoteltabnotselected" time="0.053"/>
  <testcase classname="MyPachage.Finaltestcases" name="checkdeparturedate" time="0.064"/>
  <testcase classname="MyPachage.Finaltestcases" name="checkreturnedate" time="0.052"/>
  <testcase classname="MyPachage.Finaltestcases" name="checkrandonlywebsitelanguage" time="48.503"/>
</testsuite> <!-- Default test -->
