<?xml version="1.0" encoding="UTF-8"?>
<testng-results ignored="0" total="8" passed="8" failed="0" skipped="0">
  <reporter-output>
  </reporter-output>
  <suite started-at="2025-05-10T23:33:17 GST" name="Default suite" finished-at="2025-05-10T23:34:11 GST" duration-ms="54103">
    <groups>
    </groups>
    <test started-at="2025-05-10T23:33:17 GST" name="Default test" finished-at="2025-05-10T23:34:11 GST" duration-ms="54103">
      <class name="MyPachage.Finaltestcases">
        <test-method is-config="true" signature="setup()[pri:0, instance:MyPachage.Finaltestcases@5cdd09b1]" started-at="2025-05-10T23:33:17 GST" name="setup" finished-at="2025-05-10T23:33:21 GST" duration-ms="4753" status="PASS">
          <reporter-output>
          </reporter-output>
        </test-method> <!-- setup -->
        <test-method signature="checkdefualtlangenglish()[pri:1, instance:MyPachage.Finaltestcases@5cdd09b1]" started-at="2025-05-10T23:33:22 GST" name="checkdefualtlangenglish" finished-at="2025-05-10T23:33:22 GST" duration-ms="108" status="PASS">
          <reporter-output>
          </reporter-output>
        </test-method> <!-- checkdefualtlangenglish -->
        <test-method signature="checkdefualtcuuruncy()[pri:2, instance:MyPachage.Finaltestcases@5cdd09b1]" started-at="2025-05-10T23:33:22 GST" name="checkdefualtcuuruncy" finished-at="2025-05-10T23:33:22 GST" duration-ms="68" status="PASS">
          <reporter-output>
          </reporter-output>
        </test-method> <!-- checkdefualtcuuruncy -->
        <test-method signature="checkthemobileno()[pri:3, instance:MyPachage.Finaltestcases@5cdd09b1]" started-at="2025-05-10T23:33:22 GST" name="checkthemobileno" finished-at="2025-05-10T23:33:22 GST" duration-ms="78" status="PASS">
          <reporter-output>
          </reporter-output>
        </test-method> <!-- checkthemobileno -->
        <test-method signature="checkqitaflogo()[pri:4, instance:MyPachage.Finaltestcases@5cdd09b1]" started-at="2025-05-10T23:33:22 GST" name="checkqitaflogo" finished-at="2025-05-10T23:33:22 GST" duration-ms="167" status="PASS">
          <reporter-output>
          </reporter-output>
        </test-method> <!-- checkqitaflogo -->
        <test-method signature="checkhoteltabnotselected()[pri:5, instance:MyPachage.Finaltestcases@5cdd09b1]" started-at="2025-05-10T23:33:22 GST" name="checkhoteltabnotselected" finished-at="2025-05-10T23:33:22 GST" duration-ms="53" status="PASS">
          <reporter-output>
          </reporter-output>
        </test-method> <!-- checkhoteltabnotselected -->
        <test-method signature="checkdeparturedate()[pri:6, instance:MyPachage.Finaltestcases@5cdd09b1]" started-at="2025-05-10T23:33:22 GST" name="checkdeparturedate" finished-at="2025-05-10T23:33:22 GST" duration-ms="64" status="PASS">
          <reporter-output>
          </reporter-output>
        </test-method> <!-- checkdeparturedate -->
        <test-method signature="checkreturnedate()[pri:7, instance:MyPachage.Finaltestcases@5cdd09b1]" started-at="2025-05-10T23:33:22 GST" name="checkreturnedate" finished-at="2025-05-10T23:33:22 GST" duration-ms="52" status="PASS">
          <reporter-output>
          </reporter-output>
        </test-method> <!-- checkreturnedate -->
        <test-method signature="checkrandonlywebsitelanguage()[pri:8, instance:MyPachage.Finaltestcases@5cdd09b1]" started-at="2025-05-10T23:33:22 GST" name="checkrandonlywebsitelanguage" finished-at="2025-05-10T23:34:11 GST" duration-ms="48503" status="PASS">
          <reporter-output>
          </reporter-output>
        </test-method> <!-- checkrandonlywebsitelanguage -->
      </class> <!-- MyPachage.Finaltestcases -->
    </test> <!-- Default test -->
  </suite> <!-- Default suite -->
</testng-results>
